{"C:\\Users\\Пользователь\\Desktop\\ajs8.2\\src\\errorRepository.js": {"path":"C:\\Users\\Пользователь\\Desktop\\ajs8.2\\src\\errorRepository.js","statementMap":{"0":{"start":{"line":1,"column":28},"end":{"line":7,"column":2}},"1":{"start":{"line":12,"column":8},"end":{"line":12,"column":92}},"2":{"start":{"line":13,"column":8},"end":{"line":13,"column":22}}},"fnMap":{"0":{"name":"(anonymous_0)","decl":{"start":{"line":10,"column":4},"end":{"line":10,"column":5}},"loc":{"start":{"line":10,"column":27},"end":{"line":14,"column":5}},"line":10}},"branchMap":{"0":{"loc":{"start":{"line":12,"column":8},"end":{"line":12,"column":91}},"type":"cond-expr","locations":[{"start":{"line":12,"column":33},"end":{"line":12,"column":64}},{"start":{"line":12,"column":67},"end":{"line":12,"column":91}}],"line":12}},"s":{"0":1,"1":2,"2":2},"f":{"0":2},"b":{"0":[1,1]},"_coverageSchema":"1a1c01bbd47fc00a2c39e90264f33305004495a9","hash":"4cc6bd817d664bc9eb504ed238b4f3f838f5d813"}
}
